<?xml version="1.0" encoding="UTF-8"?>
<testng-results ignored="0" total="3" passed="2" failed="1" skipped="0">
  <reporter-output>
  </reporter-output>
  <suite started-at="2019-12-17T20:06:48 CST" name="MercuryDemoAut" finished-at="2019-12-17T20:08:19 CST" duration-ms="90535">
    <groups>
    </groups>
    <test started-at="2019-12-17T20:06:48 CST" name="Mercury Test" finished-at="2019-12-17T20:08:19 CST" duration-ms="90535">
      <class name="com.Mercury.testCases.TC_Login_DDT">
        <test-method is-config="true" signature="setUP(java.lang.String)[pri:0, instance:com.Mercury.testCases.TC_Login_DDT@309e345f]" started-at="2019-12-17T20:06:49 CST" name="setUP" finished-at="2019-12-17T20:06:58 CST" duration-ms="8873" status="PASS">
          <params>
            <param index="0">
              <value>
                <![CDATA[chrome]]>
              </value>
            </param>
          </params>
          <reporter-output>
          </reporter-output>
        </test-method> <!-- setUP -->
        <test-method signature="loginDDT(java.lang.String, java.lang.String, java.lang.String, java.lang.String, java.lang.String, java.lang.String, java.lang.String, java.lang.String, java.lang.String, java.lang.String, java.lang.String, java.lang.String, java.lang.String, java.lang.String, java.lang.String, java.lang.String, java.lang.String, java.lang.String, java.lang.String, java.lang.String, java.lang.String, java.lang.String, java.lang.String, java.lang.String, java.lang.String, java.lang.String, java.lang.String, java.lang.String, java.lang.String, java.lang.String, java.lang.String, java.lang.String, java.lang.String, java.lang.String, java.lang.String, java.lang.String)[pri:0, instance:com.Mercury.testCases.TC_Login_DDT@309e345f]" started-at="2019-12-17T20:07:07 CST" name="loginDDT" data-provider="LoginData" finished-at="2019-12-17T20:07:43 CST" duration-ms="35519" status="PASS">
          <params>
            <param index="0">
              <value>
                <![CDATA[baf@karim]]>
              </value>
            </param>
            <param index="1">
              <value>
                <![CDATA[123karim]]>
              </value>
            </param>
            <param index="2">
              <value>
                <![CDATA[4]]>
              </value>
            </param>
            <param index="3">
              <value>
                <![CDATA[New York]]>
              </value>
            </param>
            <param index="4">
              <value>
                <![CDATA[April]]>
              </value>
            </param>
            <param index="5">
              <value>
                <![CDATA[11]]>
              </value>
            </param>
            <param index="6">
              <value>
                <![CDATA[Paris]]>
              </value>
            </param>
            <param index="7">
              <value>
                <![CDATA[September]]>
              </value>
            </param>
            <param index="8">
              <value>
                <![CDATA[12]]>
              </value>
            </param>
            <param index="9">
              <value>
                <![CDATA[Unified Airlines]]>
              </value>
            </param>
            <param index="10">
              <value>
                <![CDATA[Md]]>
              </value>
            </param>
            <param index="11">
              <value>
                <![CDATA[Karim]]>
              </value>
            </param>
            <param index="12">
              <value>
                <![CDATA[Mili]]>
              </value>
            </param>
            <param index="13">
              <value>
                <![CDATA[Karim]]>
              </value>
            </param>
            <param index="14">
              <value>
                <![CDATA[Ramisa]]>
              </value>
            </param>
            <param index="15">
              <value>
                <![CDATA[Karim]]>
              </value>
            </param>
            <param index="16">
              <value>
                <![CDATA[Tazfia]]>
              </value>
            </param>
            <param index="17">
              <value>
                <![CDATA[Karim]]>
              </value>
            </param>
            <param index="18">
              <value>
                <![CDATA[Muslim]]>
              </value>
            </param>
            <param index="19">
              <value>
                <![CDATA[Muslim]]>
              </value>
            </param>
            <param index="20">
              <value>
                <![CDATA[Muslim]]>
              </value>
            </param>
            <param index="21">
              <value>
                <![CDATA[Muslim]]>
              </value>
            </param>
            <param index="22">
              <value>
                <![CDATA[Visa]]>
              </value>
            </param>
            <param index="23">
              <value>
                <![CDATA[1234234534564567]]>
              </value>
            </param>
            <param index="24">
              <value>
                <![CDATA[10]]>
              </value>
            </param>
            <param index="25">
              <value>
                <![CDATA[2009]]>
              </value>
            </param>
            <param index="26">
              <value>
                <![CDATA[1415 N 209th St]]>
              </value>
            </param>
            <param index="27">
              <value>
                <![CDATA[Elkhorn]]>
              </value>
            </param>
            <param index="28">
              <value>
                <![CDATA[NE]]>
              </value>
            </param>
            <param index="29">
              <value>
                <![CDATA[68022]]>
              </value>
            </param>
            <param index="30">
              <value>
                <![CDATA[UNITED STATES]]>
              </value>
            </param>
            <param index="31">
              <value>
                <![CDATA[1415 N 209th St]]>
              </value>
            </param>
            <param index="32">
              <value>
                <![CDATA[Elkhorn]]>
              </value>
            </param>
            <param index="33">
              <value>
                <![CDATA[NE]]>
              </value>
            </param>
            <param index="34">
              <value>
                <![CDATA[68022]]>
              </value>
            </param>
            <param index="35">
              <value>
                <![CDATA[UNITED STATES]]>
              </value>
            </param>
          </params>
          <reporter-output>
          </reporter-output>
        </test-method> <!-- loginDDT -->
        <test-method signature="loginDDT(java.lang.String, java.lang.String, java.lang.String, java.lang.String, java.lang.String, java.lang.String, java.lang.String, java.lang.String, java.lang.String, java.lang.String, java.lang.String, java.lang.String, java.lang.String, java.lang.String, java.lang.String, java.lang.String, java.lang.String, java.lang.String, java.lang.String, java.lang.String, java.lang.String, java.lang.String, java.lang.String, java.lang.String, java.lang.String, java.lang.String, java.lang.String, java.lang.String, java.lang.String, java.lang.String, java.lang.String, java.lang.String, java.lang.String, java.lang.String, java.lang.String, java.lang.String)[pri:0, instance:com.Mercury.testCases.TC_Login_DDT@309e345f]" started-at="2019-12-17T20:07:43 CST" name="loginDDT" data-provider="LoginData" finished-at="2019-12-17T20:07:47 CST" duration-ms="3555" status="FAIL">
          <params>
            <param index="0">
              <value>
                <![CDATA[wrgergg]]>
              </value>
            </param>
            <param index="1">
              <value>
                <![CDATA[2rfwferg]]>
              </value>
            </param>
            <param index="2">
              <value>
                <![CDATA[2]]>
              </value>
            </param>
            <param index="3">
              <value>
                <![CDATA[New York]]>
              </value>
            </param>
            <param index="4">
              <value>
                <![CDATA[May]]>
              </value>
            </param>
            <param index="5">
              <value>
                <![CDATA[11]]>
              </value>
            </param>
            <param index="6">
              <value>
                <![CDATA[Paris]]>
              </value>
            </param>
            <param index="7">
              <value>
                <![CDATA[October]]>
              </value>
            </param>
            <param index="8">
              <value>
                <![CDATA[12]]>
              </value>
            </param>
            <param index="9">
              <value>
                <![CDATA[Unified Airlines]]>
              </value>
            </param>
            <param index="10">
              <value>
                <![CDATA[Ramisa]]>
              </value>
            </param>
            <param index="11">
              <value>
                <![CDATA[Karim]]>
              </value>
            </param>
            <param index="12">
              <value>
                <![CDATA[Tazfia]]>
              </value>
            </param>
            <param index="13">
              <value>
                <![CDATA[Karim]]>
              </value>
            </param>
            <param index="14">
              <value>
                <![CDATA[Md]]>
              </value>
            </param>
            <param index="15">
              <value>
                <![CDATA[Karim]]>
              </value>
            </param>
            <param index="16">
              <value>
                <![CDATA[Mili]]>
              </value>
            </param>
            <param index="17">
              <value>
                <![CDATA[Karim]]>
              </value>
            </param>
            <param index="18">
              <value>
                <![CDATA[Muslim]]>
              </value>
            </param>
            <param index="19">
              <value>
                <![CDATA[Muslim]]>
              </value>
            </param>
            <param index="20">
              <value>
                <![CDATA[Muslim]]>
              </value>
            </param>
            <param index="21">
              <value>
                <![CDATA[Muslim]]>
              </value>
            </param>
            <param index="22">
              <value>
                <![CDATA[Visa]]>
              </value>
            </param>
            <param index="23">
              <value>
                <![CDATA[1234234534564567]]>
              </value>
            </param>
            <param index="24">
              <value>
                <![CDATA[10]]>
              </value>
            </param>
            <param index="25">
              <value>
                <![CDATA[2009]]>
              </value>
            </param>
            <param index="26">
              <value>
                <![CDATA[1415 N 209th St]]>
              </value>
            </param>
            <param index="27">
              <value>
                <![CDATA[Elkhorn]]>
              </value>
            </param>
            <param index="28">
              <value>
                <![CDATA[NE]]>
              </value>
            </param>
            <param index="29">
              <value>
                <![CDATA[68022]]>
              </value>
            </param>
            <param index="30">
              <value>
                <![CDATA[UNITED STATES]]>
              </value>
            </param>
            <param index="31">
              <value>
                <![CDATA[1415 N 209th St]]>
              </value>
            </param>
            <param index="32">
              <value>
                <![CDATA[Elkhorn]]>
              </value>
            </param>
            <param index="33">
              <value>
                <![CDATA[NE]]>
              </value>
            </param>
            <param index="34">
              <value>
                <![CDATA[68022]]>
              </value>
            </param>
            <param index="35">
              <value>
                <![CDATA[UNITED STATES]]>
              </value>
            </param>
          </params>
          <exception class="org.openqa.selenium.NoSuchElementException">
            <message>
              <![CDATA[no such element: Unable to locate element: {"method":"xpath","selector":"/html/body/div/table/tbody/tr/td[2]/table/tbody/tr[4]/td/table/tbody/tr/td[2]/table/tbody/tr[5]/td/form/table/tbody/tr[2]/td[2]/b/font/input[2]"}
  (Session info: chrome=79.0.3945.79)
For documentation on this error, please visit: https://www.seleniumhq.org/exceptions/no_such_element.html
Build info: version: '3.141.59', revision: 'e82be7d358', time: '2018-11-14T08:17:03'
System info: host: 'DESKTOP-BSVQKOV', ip: '192.168.1.8', os.name: 'Windows 10', os.arch: 'amd64', os.version: '10.0', java.version: '12'
Driver info: org.openqa.selenium.chrome.ChromeDriver
Capabilities {acceptInsecureCerts: false, browserName: chrome, browserVersion: 79.0.3945.79, chrome: {chromedriverVersion: 78.0.3904.11 (eaaae9de6b899..., userDataDir: C:\Users\bafka\AppData\Loca...}, goog:chromeOptions: {debuggerAddress: localhost:59609}, javascriptEnabled: true, networkConnectionEnabled: false, pageLoadStrategy: normal, platform: XP, platformName: XP, proxy: Proxy(), setWindowRect: true, strictFileInteractability: false, timeouts: {implicit: 0, pageLoad: 300000, script: 30000}, unhandledPromptBehavior: dismiss and notify}
Session ID: aca8d01b032b0cf77f425128c92dec47
*** Element info: {Using=xpath, value=/html/body/div/table/tbody/tr/td[2]/table/tbody/tr[4]/td/table/tbody/tr/td[2]/table/tbody/tr[5]/td/form/table/tbody/tr[2]/td[2]/b/font/input[2]}]]>
            </message>
            <full-stacktrace>
              <![CDATA[org.openqa.selenium.NoSuchElementException: no such element: Unable to locate element: {"method":"xpath","selector":"/html/body/div/table/tbody/tr/td[2]/table/tbody/tr[4]/td/table/tbody/tr/td[2]/table/tbody/tr[5]/td/form/table/tbody/tr[2]/td[2]/b/font/input[2]"}
  (Session info: chrome=79.0.3945.79)
For documentation on this error, please visit: https://www.seleniumhq.org/exceptions/no_such_element.html
Build info: version: '3.141.59', revision: 'e82be7d358', time: '2018-11-14T08:17:03'
System info: host: 'DESKTOP-BSVQKOV', ip: '192.168.1.8', os.name: 'Windows 10', os.arch: 'amd64', os.version: '10.0', java.version: '12'
Driver info: org.openqa.selenium.chrome.ChromeDriver
Capabilities {acceptInsecureCerts: false, browserName: chrome, browserVersion: 79.0.3945.79, chrome: {chromedriverVersion: 78.0.3904.11 (eaaae9de6b899..., userDataDir: C:\Users\bafka\AppData\Loca...}, goog:chromeOptions: {debuggerAddress: localhost:59609}, javascriptEnabled: true, networkConnectionEnabled: false, pageLoadStrategy: normal, platform: XP, platformName: XP, proxy: Proxy(), setWindowRect: true, strictFileInteractability: false, timeouts: {implicit: 0, pageLoad: 300000, script: 30000}, unhandledPromptBehavior: dismiss and notify}
Session ID: aca8d01b032b0cf77f425128c92dec47
*** Element info: {Using=xpath, value=/html/body/div/table/tbody/tr/td[2]/table/tbody/tr[4]/td/table/tbody/tr/td[2]/table/tbody/tr[5]/td/form/table/tbody/tr[2]/td[2]/b/font/input[2]}
at java.base/jdk.internal.reflect.NativeConstructorAccessorImpl.newInstance0(Native Method)
at java.base/jdk.internal.reflect.NativeConstructorAccessorImpl.newInstance(NativeConstructorAccessorImpl.java:62)
at java.base/jdk.internal.reflect.DelegatingConstructorAccessorImpl.newInstance(DelegatingConstructorAccessorImpl.java:45)
at java.base/java.lang.reflect.Constructor.newInstanceWithCaller(Constructor.java:500)
at java.base/java.lang.reflect.Constructor.newInstance(Constructor.java:481)
at org.openqa.selenium.remote.http.W3CHttpResponseCodec.createException(W3CHttpResponseCodec.java:187)
at org.openqa.selenium.remote.http.W3CHttpResponseCodec.decode(W3CHttpResponseCodec.java:122)
at org.openqa.selenium.remote.http.W3CHttpResponseCodec.decode(W3CHttpResponseCodec.java:49)
at org.openqa.selenium.remote.HttpCommandExecutor.execute(HttpCommandExecutor.java:158)
at org.openqa.selenium.remote.service.DriverCommandExecutor.execute(DriverCommandExecutor.java:83)
at org.openqa.selenium.remote.RemoteWebDriver.execute(RemoteWebDriver.java:552)
at org.openqa.selenium.remote.RemoteWebDriver.findElement(RemoteWebDriver.java:323)
at org.openqa.selenium.remote.RemoteWebDriver.findElementByXPath(RemoteWebDriver.java:428)
at org.openqa.selenium.By$ByXPath.findElement(By.java:353)
at org.openqa.selenium.remote.RemoteWebDriver.findElement(RemoteWebDriver.java:315)
at org.openqa.selenium.support.pagefactory.DefaultElementLocator.findElement(DefaultElementLocator.java:69)
at org.openqa.selenium.support.pagefactory.internal.LocatingElementHandler.invoke(LocatingElementHandler.java:38)
at com.sun.proxy.$Proxy15.click(Unknown Source)
at com.Mercury.pageObjects.ObjectRepository.clickTripType(ObjectRepository.java:102)
at com.Mercury.testCases.TC_Login_DDT.loginDDT(TC_Login_DDT.java:33)
at java.base/jdk.internal.reflect.NativeMethodAccessorImpl.invoke0(Native Method)
at java.base/jdk.internal.reflect.NativeMethodAccessorImpl.invoke(NativeMethodAccessorImpl.java:62)
at java.base/jdk.internal.reflect.DelegatingMethodAccessorImpl.invoke(DelegatingMethodAccessorImpl.java:43)
at java.base/java.lang.reflect.Method.invoke(Method.java:567)
at org.testng.internal.MethodInvocationHelper.invokeMethod(MethodInvocationHelper.java:133)
at org.testng.internal.TestInvoker.invokeMethod(TestInvoker.java:584)
at org.testng.internal.TestInvoker.invokeTestMethod(TestInvoker.java:172)
at org.testng.internal.MethodRunner.runInSequence(MethodRunner.java:46)
at org.testng.internal.TestInvoker$MethodInvocationAgent.invoke(TestInvoker.java:804)
at org.testng.internal.TestInvoker.invokeTestMethods(TestInvoker.java:145)
at org.testng.internal.TestMethodWorker.invokeTestMethods(TestMethodWorker.java:146)
at org.testng.internal.TestMethodWorker.run(TestMethodWorker.java:128)
at java.base/java.util.ArrayList.forEach(ArrayList.java:1540)
at org.testng.TestRunner.privateRun(TestRunner.java:770)
at org.testng.TestRunner.run(TestRunner.java:591)
at org.testng.SuiteRunner.runTest(SuiteRunner.java:402)
at org.testng.SuiteRunner.runSequentially(SuiteRunner.java:396)
at org.testng.SuiteRunner.privateRun(SuiteRunner.java:355)
at org.testng.SuiteRunner.run(SuiteRunner.java:304)
at org.testng.SuiteRunnerWorker.runSuite(SuiteRunnerWorker.java:53)
at org.testng.SuiteRunnerWorker.run(SuiteRunnerWorker.java:96)
at org.testng.TestNG.runSuitesSequentially(TestNG.java:1180)
at org.testng.TestNG.runSuitesLocally(TestNG.java:1102)
at org.testng.TestNG.runSuites(TestNG.java:1032)
at org.testng.TestNG.run(TestNG.java:1000)
at org.testng.remote.AbstractRemoteTestNG.run(AbstractRemoteTestNG.java:115)
at org.testng.remote.RemoteTestNG.initAndRun(RemoteTestNG.java:251)
at org.testng.remote.RemoteTestNG.main(RemoteTestNG.java:77)
]]>
            </full-stacktrace>
          </exception> <!-- org.openqa.selenium.NoSuchElementException -->
          <reporter-output>
          </reporter-output>
        </test-method> <!-- loginDDT -->
        <test-method signature="loginDDT(java.lang.String, java.lang.String, java.lang.String, java.lang.String, java.lang.String, java.lang.String, java.lang.String, java.lang.String, java.lang.String, java.lang.String, java.lang.String, java.lang.String, java.lang.String, java.lang.String, java.lang.String, java.lang.String, java.lang.String, java.lang.String, java.lang.String, java.lang.String, java.lang.String, java.lang.String, java.lang.String, java.lang.String, java.lang.String, java.lang.String, java.lang.String, java.lang.String, java.lang.String, java.lang.String, java.lang.String, java.lang.String, java.lang.String, java.lang.String, java.lang.String, java.lang.String)[pri:0, instance:com.Mercury.testCases.TC_Login_DDT@309e345f]" started-at="2019-12-17T20:07:47 CST" name="loginDDT" data-provider="LoginData" finished-at="2019-12-17T20:08:19 CST" duration-ms="32368" status="PASS">
          <params>
            <param index="0">
              <value>
                <![CDATA[baf@karim]]>
              </value>
            </param>
            <param index="1">
              <value>
                <![CDATA[123karim]]>
              </value>
            </param>
            <param index="2">
              <value>
                <![CDATA[4]]>
              </value>
            </param>
            <param index="3">
              <value>
                <![CDATA[New York]]>
              </value>
            </param>
            <param index="4">
              <value>
                <![CDATA[April]]>
              </value>
            </param>
            <param index="5">
              <value>
                <![CDATA[11]]>
              </value>
            </param>
            <param index="6">
              <value>
                <![CDATA[Paris]]>
              </value>
            </param>
            <param index="7">
              <value>
                <![CDATA[September]]>
              </value>
            </param>
            <param index="8">
              <value>
                <![CDATA[12]]>
              </value>
            </param>
            <param index="9">
              <value>
                <![CDATA[Unified Airlines]]>
              </value>
            </param>
            <param index="10">
              <value>
                <![CDATA[Md]]>
              </value>
            </param>
            <param index="11">
              <value>
                <![CDATA[Karim]]>
              </value>
            </param>
            <param index="12">
              <value>
                <![CDATA[Mili]]>
              </value>
            </param>
            <param index="13">
              <value>
                <![CDATA[Karim]]>
              </value>
            </param>
            <param index="14">
              <value>
                <![CDATA[Ramisa]]>
              </value>
            </param>
            <param index="15">
              <value>
                <![CDATA[Karim]]>
              </value>
            </param>
            <param index="16">
              <value>
                <![CDATA[Tazfia]]>
              </value>
            </param>
            <param index="17">
              <value>
                <![CDATA[Karim]]>
              </value>
            </param>
            <param index="18">
              <value>
                <![CDATA[Muslim]]>
              </value>
            </param>
            <param index="19">
              <value>
                <![CDATA[Muslim]]>
              </value>
            </param>
            <param index="20">
              <value>
                <![CDATA[Muslim]]>
              </value>
            </param>
            <param index="21">
              <value>
                <![CDATA[Muslim]]>
              </value>
            </param>
            <param index="22">
              <value>
                <![CDATA[Visa]]>
              </value>
            </param>
            <param index="23">
              <value>
                <![CDATA[1234234534564567]]>
              </value>
            </param>
            <param index="24">
              <value>
                <![CDATA[10]]>
              </value>
            </param>
            <param index="25">
              <value>
                <![CDATA[2009]]>
              </value>
            </param>
            <param index="26">
              <value>
                <![CDATA[1415 N 209th St]]>
              </value>
            </param>
            <param index="27">
              <value>
                <![CDATA[Elkhorn]]>
              </value>
            </param>
            <param index="28">
              <value>
                <![CDATA[NE]]>
              </value>
            </param>
            <param index="29">
              <value>
                <![CDATA[68022]]>
              </value>
            </param>
            <param index="30">
              <value>
                <![CDATA[UNITED STATES]]>
              </value>
            </param>
            <param index="31">
              <value>
                <![CDATA[1415 N 209th St]]>
              </value>
            </param>
            <param index="32">
              <value>
                <![CDATA[Elkhorn]]>
              </value>
            </param>
            <param index="33">
              <value>
                <![CDATA[NE]]>
              </value>
            </param>
            <param index="34">
              <value>
                <![CDATA[68022]]>
              </value>
            </param>
            <param index="35">
              <value>
                <![CDATA[UNITED STATES]]>
              </value>
            </param>
          </params>
          <reporter-output>
          </reporter-output>
        </test-method> <!-- loginDDT -->
        <test-method is-config="true" signature="tearDown()[pri:0, instance:com.Mercury.testCases.TC_Login_DDT@309e345f]" started-at="2019-12-17T20:08:19 CST" name="tearDown" finished-at="2019-12-17T20:08:19 CST" duration-ms="0" status="PASS">
          <reporter-output>
          </reporter-output>
        </test-method> <!-- tearDown -->
      </class> <!-- com.Mercury.testCases.TC_Login_DDT -->
    </test> <!-- Mercury Test -->
  </suite> <!-- MercuryDemoAut -->
</testng-results>
